This is XeTeX, Version 3.141592653-2.6-0.999993 (TeX Live 2021) (preloaded format=xelatex 2022.6.8)  21 JUN 2022 01:10
entering extended mode
 restricted \write18 enabled.
 file:line:error style messages enabled.
 %&-line parsing enabled.
**body
(./body.tex
LaTeX2e <2020-10-01> patch level 4
L3 programming layer <2021-05-07>
./body.tex:4: Undefined control sequence.
l.4 \section
            *{General Guidelines} 
Here is how much of TeX's memory you used:
 14 strings out of 476788
 281 string characters out of 5822421
 296404 words of memory out of 6000000
 20264 multiletter control sequences out of 15000+600000
 403430 words of font info for 27 fonts, out of 8000000 for 9000
 1348 hyphenation exceptions out of 8191
 11i,0n,13p,69b,10s stack positions out of 5000i,500n,10000p,200000b,80000s

No pages of output.
